{"sessionId": "bb4463", "timestamp": 1779850436528, "location": "main_window.py:_fen_after_move", "message": "fen_push_failed_primary", "data": {"fen": "rPbPkPP1/7p/5n1p/7P/8/3B2Q1/8/1pB1KpNR b Kq - 0 36", "uci": "f1e9", "error": "InvalidMoveError(\"invalid uci: 'f1e9'\")"}, "hypothesisId": "D", "runId": "pre-fix"}
{"sessionId": "bb4463", "timestamp": 1779850436530, "location": "main_window.py:_fen_after_move", "message": "fen_push_failed_fallback", "data": {"fallback": "rPbPkPP1/7p/5n1p/7P/8/3B2Q1/8/1pB1KpNR b Kq - 0 36", "uci": "f1e9", "error": "InvalidMoveError(\"invalid uci: 'f1e9'\")"}, "hypothesisId": "D", "runId": "pre-fix"}
{"sessionId": "bb4463", "timestamp": 1779850440002, "location": "main_window.py:_fen_after_move", "message": "fen_push_failed_primary", "data": {"fen": "rPb1kPP1/2P4p/7p/7P/8/3B2Q1/3n4/1pB1K1NR w Kq - 1 43", "uci": "f8g0", "error": "InvalidMoveError(\"invalid uci: 'f8g0'\")"}, "hypothesisId": "D", "runId": "pre-fix"}
{"sessionId": "bb4463", "timestamp": 1779850440003, "location": "main_window.py:_fen_after_move", "message": "fen_push_failed_fallback", "data": {"fallback": "rPb1kPP1/2P4p/7p/7P/8/3B2Q1/3n4/1pB1K1NR w Kq - 1 43", "uci": "f8g0", "error": "InvalidMoveError(\"invalid uci: 'f8g0'\")"}, "hypothesisId": "D", "runId": "pre-fix"}
{"sessionId": "bb4463", "timestamp": 1779850440611, "location": "main_window.py:_fen_after_move", "message": "fen_push_failed_primary", "data": {"fen": "rPb1k1P1/2P4p/7p/7P/8/3B2Q1/8/1pB1KnNR w Kq - 1 44", "uci": "g8h0", "error": "InvalidMoveError(\"invalid uci: 'g8h0'\")"}, "hypothesisId": "D", "runId": "pre-fix"}
{"sessionId": "bb4463", "timestamp": 1779850440612, "location": "main_window.py:_fen_after_move", "message": "fen_push_failed_fallback", "data": {"fallback": "rPb1k1P1/2P4p/7p/7P/8/3B2Q1/8/1pB1KnNR w Kq - 1 44", "uci": "g8h0", "error": "InvalidMoveError(\"invalid uci: 'g8h0'\")"}, "hypothesisId": "D", "runId": "pre-fix"}
{"sessionId": "bb4463", "timestamp": 1779850441171, "location": "main_window.py:_fen_after_move", "message": "fen_push_failed_primary", "data": {"fen": "rPbqPbPr/7P/p7/P7/6n1/8/3pp3/pR1Qp1pR w Kkq - 0 45", "uci": "b8c0", "error": "InvalidMoveError(\"invalid uci: 'b8c0'\")"}, "hypothesisId": "D", "runId": "pre-fix"}
{"sessionId": "bb4463", "timestamp": 1779850441173, "location": "main_window.py:_fen_after_move", "message": "fen_push_failed_fallback", "data": {"fallback": "rPbqPbPr/7P/p7/P7/6n1/8/3pp3/pR1Qp1pR w - - 0 45", "uci": "b8c0", "error": "InvalidMoveError(\"invalid uci: 'b8c0'\")"}, "hypothesisId": "D", "runId": "pre-fix"}
{"sessionId": "bb4463", "timestamp": 1779850463393, "location": "stockfish.py:_run_worker", "message": "stockfish_started", "data": {"path": "C:\\Users\\prata\\stockfish\\stockfish.exe"}, "hypothesisId": "A", "runId": "pre-fix"}
{"sessionId": "bb4463", "timestamp": 1779850463449, "location": "stockfish.py:choose_move", "message": "stockfish_move_matched", "data": {"uci": "e2e4", "fen": "rnbqkbnr/pppppppp/8/8/8/8/PPPPPPPP/RNBQKBNR w KQkq - 0 1"}, "hypothesisId": "E", "runId": "pre-fix"}
{"sessionId": "bb4463", "timestamp": 1779850463449, "location": "selfplay_worker.py:play_one_game", "message": "stockfish_ply", "data": {"game_id": 1, "game_seq": 3, "uci": "e2e4", "pre_fen": "rnbqkbnr/pppppppp/8/8/8/8/PPPPPPPP/RNBQKBNR w KQkq - 0 1"}, "hypothesisId": "B", "runId": "pre-fix"}
{"sessionId": "bb4463", "timestamp": 1779850463501, "location": "stockfish.py:choose_move", "message": "stockfish_move_matched", "data": {"uci": "c7c5", "fen": "rnbqkbnr/pppppppp/8/8/4P3/8/PPPP1PPP/RNBQKBNR b KQkq e3 0 1"}, "hypothesisId": "E", "runId": "pre-fix"}
{"sessionId": "bb4463", "timestamp": 1779850463502, "location": "selfplay_worker.py:play_one_game", "message": "stockfish_ply", "data": {"game_id": 0, "game_seq": 2, "uci": "c7c5", "pre_fen": "rnbqkbnr/pppppppp/8/8/4P3/8/PPPP1PPP/RNBQKBNR b KQkq e3 0 1"}, "hypothesisId": "B", "runId": "pre-fix"}
{"sessionId": "bb4463", "timestamp": 1779850463808, "location": "stockfish.py:choose_move", "message": "stockfish_move_matched", "data": {"uci": "d2d4", "fen": "rnbqkbnr/1ppppppp/p7/8/4P3/8/PPPP1PPP/RNBQKBNR w KQkq - 0 2"}, "hypothesisId": "E", "runId": "pre-fix"}
{"sessionId": "bb4463", "timestamp": 1779850463809, "location": "selfplay_worker.py:play_one_game", "message": "stockfish_ply", "data": {"game_id": 1, "game_seq": 3, "uci": "d2d4", "pre_fen": "rnbqkbnr/1ppppppp/p7/8/4P3/8/PPPP1PPP/RNBQKBNR w KQkq - 0 2"}, "hypothesisId": "B", "runId": "pre-fix"}
{"sessionId": "bb4463", "timestamp": 1779850463866, "location": "stockfish.py:choose_move", "message": "stockfish_move_matched", "data": {"uci": "g8f6", "fen": "rnbqkbnr/pp1ppppp/8/2p5/4P3/3P4/PPP2PPP/RNBQKBNR b KQkq - 0 2"}, "hypothesisId": "E", "runId": "pre-fix"}
{"sessionId": "bb4463", "timestamp": 1779850463866, "location": "selfplay_worker.py:play_one_game", "message": "stockfish_ply", "data": {"game_id": 0, "game_seq": 2, "uci": "g8f6", "pre_fen": "rnbqkbnr/pp1ppppp/8/2p5/4P3/3P4/PPP2PPP/RNBQKBNR b KQkq - 0 2"}, "hypothesisId": "B", "runId": "pre-fix"}
{"sessionId": "bb4463", "timestamp": 1779850464155, "location": "stockfish.py:choose_move", "message": "stockfish_move_matched", "data": {"uci": "b1c3", "fen": "rnbqkbnr/1ppppppp/8/p7/3PP3/8/PPP2PPP/RNBQKBNR w KQkq - 0 3"}, "hypothesisId": "E", "runId": "pre-fix"}
{"sessionId": "bb4463", "timestamp": 1779850464155, "location": "selfplay_worker.py:play_one_game", "message": "stockfish_ply", "data": {"game_id": 1, "game_seq": 3, "uci": "b1c3", "pre_fen": "rnbqkbnr/1ppppppp/8/p7/3PP3/8/PPP2PPP/RNBQKBNR w KQkq - 0 3"}, "hypothesisId": "B", "runId": "pre-fix"}
{"sessionId": "bb4463", "timestamp": 1779850464223, "location": "stockfish.py:choose_move", "message": "stockfish_move_matched", "data": {"uci": "b8c6", "fen": "rnbqkb1r/pp1ppppp/5n2/2p5/4P3/2PP4/PP3PPP/RNBQKBNR b KQkq - 0 3"}, "hypothesisId": "E", "runId": "pre-fix"}
{"sessionId": "bb4463", "timestamp": 1779850464224, "location": "selfplay_worker.py:play_one_game", "message": "stockfish_ply", "data": {"game_id": 0, "game_seq": 2, "uci": "b8c6", "pre_fen": "rnbqkb1r/pp1ppppp/5n2/2p5/4P3/2PP4/PP3PPP/RNBQKBNR b KQkq - 0 3"}, "hypothesisId": "B", "runId": "pre-fix"}
{"sessionId": "bb4463", "timestamp": 1779850464516, "location": "stockfish.py:choose_move", "message": "stockfish_move_matched", "data": {"uci": "e4f5", "fen": "rnbqkbnr/1pppp1pp/8/p4p2/3PP3/2N5/PPP2PPP/R1BQKBNR w KQkq f6 0 4"}, "hypothesisId": "E", "runId": "pre-fix"}
{"sessionId": "bb4463", "timestamp": 1779850464518, "location": "selfplay_worker.py:play_one_game", "message": "stockfish_ply", "data": {"game_id": 1, "game_seq": 3, "uci": "e4f5", "pre_fen": "rnbqkbnr/1pppp1pp/8/p4p2/3PP3/2N5/PPP2PPP/R1BQKBNR w KQkq f6 0 4"}, "hypothesisId": "B", "runId": "pre-fix"}
{"sessionId": "bb4463", "timestamp": 1779850464577, "location": "stockfish.py:choose_move", "message": "stockfish_move_matched", "data": {"uci": "d7d5", "fen": "r1bqkb1r/pp1ppppp/2n2n2/2p5/4P3/P1PP4/1P3PPP/RNBQKBNR b KQkq - 0 4"}, "hypothesisId": "E", "runId": "pre-fix"}
{"sessionId": "bb4463", "timestamp": 1779850464578, "location": "selfplay_worker.py:play_one_game", "message": "stockfish_ply", "data": {"game_id": 0, "game_seq": 2, "uci": "d7d5", "pre_fen": "r1bqkb1r/pp1ppppp/2n2n2/2p5/4P3/P1PP4/1P3PPP/RNBQKBNR b KQkq - 0 4"}, "hypothesisId": "B", "runId": "pre-fix"}
{"sessionId": "bb4463", "timestamp": 1779850464867, "location": "stockfish.py:choose_move", "message": "stockfish_move_matched", "data": {"uci": "d1h5", "fen": "rnbqkbnr/1ppp2pp/8/p3pP2/3P4/2N5/PPP2PPP/R1BQKBNR w KQkq e6 0 5"}, "hypothesisId": "E", "runId": "pre-fix"}
{"sessionId": "bb4463", "timestamp": 1779850464869, "location": "selfplay_worker.py:play_one_game", "message": "stockfish_ply", "data": {"game_id": 1, "game_seq": 3, "uci": "d1h5", "pre_fen": "rnbqkbnr/1ppp2pp/8/p3pP2/3P4/2N5/PPP2PPP/R1BQKBNR w KQkq e6 0 5"}, "hypothesisId": "B", "runId": "pre-fix"}
{"sessionId": "bb4463", "timestamp": 1779850464926, "location": "stockfish.py:choose_move", "message": "stockfish_move_matched", "data": {"uci": "e7e5", "fen": "r1bqkb1r/pp2pppp/2n2n2/2pp4/Q3P3/P1PP4/1P3PPP/RNB1KBNR b KQkq - 1 5"}, "hypothesisId": "E", "runId": "pre-fix"}
{"sessionId": "bb4463", "timestamp": 1779850464927, "location": "selfplay_worker.py:play_one_game", "message": "stockfish_ply", "data": {"game_id": 0, "game_seq": 2, "uci": "e7e5", "pre_fen": "r1bqkb1r/pp2pppp/2n2n2/2pp4/Q3P3/P1PP4/1P3PPP/RNB1KBNR b KQkq - 1 5"}, "hypothesisId": "B", "runId": "pre-fix"}
{"sessionId": "bb4463", "timestamp": 1779850465219, "location": "stockfish.py:choose_move", "message": "stockfish_move_matched", "data": {"uci": "c1g5", "fen": "rnbq1bnr/1pppk1pp/8/p3pP1Q/3P4/2N5/PPP2PPP/R1B1KBNR w KQ - 2 6"}, "hypothesisId": "E", "runId": "pre-fix"}
{"sessionId": "bb4463", "timestamp": 1779850465220, "location": "selfplay_worker.py:play_one_game", "message": "stockfish_ply", "data": {"game_id": 1, "game_seq": 3, "uci": "c1g5", "pre_fen": "rnbq1bnr/1pppk1pp/8/p3pP1Q/3P4/2N5/PPP2PPP/R1B1KBNR w KQ - 2 6"}, "hypothesisId": "B", "runId": "pre-fix"}
{"sessionId": "bb4463", "timestamp": 1779850465271, "location": "stockfish.py:choose_move", "message": "stockfish_move_matched", "data": {"uci": "d5e4", "fen": "r1bqkb1r/pp3ppp/2n2n2/2ppp3/Q1P1P3/P2P4/1P3PPP/RNB1KBNR b KQkq - 0 6"}, "hypothesisId": "E", "runId": "pre-fix"}
{"sessionId": "bb4463", "timestamp": 1779850465272, "location": "selfplay_worker.py:play_one_game", "message": "stockfish_ply", "data": {"game_id": 0, "game_seq": 2, "uci": "d5e4", "pre_fen": "r1bqkb1r/pp3ppp/2n2n2/2ppp3/Q1P1P3/P2P4/1P3PPP/RNB1KBNR b KQkq - 0 6"}, "hypothesisId": "B", "runId": "pre-fix"}
{"sessionId": "bb4463", "timestamp": 1779850465524, "location": "stockfish.py:choose_move", "message": "stockfish_move_matched", "data": {"uci": "h5g6", "fen": "rnbq1bnr/1ppp2pp/4k3/p3pPBQ/3P4/2N5/PPP2PPP/R3KBNR w KQ - 4 7"}, "hypothesisId": "E", "runId": "pre-fix"}
{"sessionId": "bb4463", "timestamp": 1779850465525, "location": "selfplay_worker.py:play_one_game", "message": "stockfish_ply", "data": {"game_id": 1, "game_seq": 3, "uci": "h5g6", "pre_fen": "rnbq1bnr/1ppp2pp/4k3/p3pPBQ/3P4/2N5/PPP2PPP/R3KBNR w KQ - 4 7"}, "hypothesisId": "B", "runId": "pre-fix"}
{"sessionId": "bb4463", "timestamp": 1779850465651, "location": "stockfish.py:choose_move", "message": "stockfish_move_matched", "data": {"uci": "e4d3", "fen": "r1bqkb1r/pp3ppp/2n2n2/2p1p3/Q1P1p3/P2P1P2/1P4PP/RNB1KBNR b KQkq - 0 7"}, "hypothesisId": "E", "runId": "pre-fix"}
{"sessionId": "bb4463", "timestamp": 1779850465652, "location": "selfplay_worker.py:play_one_game", "message": "stockfish_ply", "data": {"game_id": 0, "game_seq": 2, "uci": "e4d3", "pre_fen": "r1bqkb1r/pp3ppp/2n2n2/2p1p3/Q1P1p3/P2P1P2/1P4PP/RNB1KBNR b KQkq - 0 7"}, "hypothesisId": "B", "runId": "pre-fix"}
{"sessionId": "bb4463", "timestamp": 1779850465828, "location": "stockfish.py:choose_move", "message": "stockfish_move_matched", "data": {"uci": "g6f6", "fen": "rnb2bnr/1ppp2pp/4kqQ1/p3pPB1/3P4/2N5/PPP2PPP/R3KBNR w KQ - 6 8"}, "hypothesisId": "E", "runId": "pre-fix"}
{"sessionId": "bb4463", "timestamp": 1779850465829, "location": "selfplay_worker.py:play_one_game", "message": "stockfish_ply", "data": {"game_id": 1, "game_seq": 3, "uci": "g6f6", "pre_fen": "rnb2bnr/1ppp2pp/4kqQ1/p3pPB1/3P4/2N5/PPP2PPP/R3KBNR w KQ - 6 8"}, "hypothesisId": "B", "runId": "pre-fix"}
{"sessionId": "bb4463", "timestamp": 1779850466028, "location": "stockfish.py:choose_move", "message": "stockfish_move_matched", "data": {"uci": "c6d4", "fen": "r1bqkb1r/pp3ppp/2n2n2/2p1p3/2P5/PQ1p1P2/1P4PP/RNB1KBNR b KQkq - 1 8"}, "hypothesisId": "E", "runId": "pre-fix"}
{"sessionId": "bb4463", "timestamp": 1779850466029, "location": "selfplay_worker.py:play_one_game", "message": "stockfish_ply", "data": {"game_id": 0, "game_seq": 2, "uci": "c6d4", "pre_fen": "r1bqkb1r/pp3ppp/2n2n2/2p1p3/2P5/PQ1p1P2/1P4PP/RNB1KBNR b KQkq - 1 8"}, "hypothesisId": "B", "runId": "pre-fix"}
{"sessionId": "bb4463", "timestamp": 1779850466175, "location": "stockfish.py:choose_move", "message": "stockfish_move_matched", "data": {"uci": "d4e5", "fen": "rnb2b1r/1ppp2pp/4kn2/p3pPB1/3P4/2N5/PPP2PPP/R3KBNR w KQ - 8 9"}, "hypothesisId": "E", "runId": "pre-fix"}
{"sessionId": "bb4463", "timestamp": 1779850466177, "location": "selfplay_worker.py:play_one_game", "message": "stockfish_ply", "data": {"game_id": 1, "game_seq": 3, "uci": "d4e5", "pre_fen": "rnb2b1r/1ppp2pp/4kn2/p3pPB1/3P4/2N5/PPP2PPP/R3KBNR w KQ - 8 9"}, "hypothesisId": "B", "runId": "pre-fix"}
{"sessionId": "bb4463", "timestamp": 1779850466366, "location": "stockfish.py:choose_move", "message": "stockfish_move_matched", "data": {"uci": "d4b3", "fen": "r1bqkb1r/pp3ppp/5n2/2p1p3/2Pn3P/PQ1p1P2/1P4P1/RNB1KBNR b KQkq h3 0 9"}, "hypothesisId": "E", "runId": "pre-fix"}
{"sessionId": "bb4463", "timestamp": 1779850466367, "location": "selfplay_worker.py:play_one_game", "message": "stockfish_ply", "data": {"game_id": 0, "game_seq": 2, "uci": "d4b3", "pre_fen": "r1bqkb1r/pp3ppp/5n2/2p1p3/2Pn3P/PQ1p1P2/1P4P1/RNB1KBNR b KQkq h3 0 9"}, "hypothesisId": "B", "runId": "pre-fix"}
{"sessionId": "bb4463", "timestamp": 1779850466535, "location": "stockfish.py:_run_worker", "message": "stockfish_play_failed", "data": {"fen": "rnb2b1r/1ppp3p/4knp1/p3PPB1/8/2N5/PPP2PPP/R3KBNR w KQ - 0 10", "error": "EngineTerminatedError('engine process died unexpectedly (exit code: 3221225477)')"}, "hypothesisId": "A", "runId": "pre-fix"}
{"sessionId": "bb4463", "timestamp": 1779850466597, "location": "stockfish.py:_run_worker", "message": "stockfish_play_failed", "data": {"fen": "r1bqkb1r/pp3ppp/5n2/2p1p3/2P2B1P/Pn1p1P2/1P4P1/RN2KBNR b KQkq - 2 10", "error": "EngineTerminatedError('engine event loop dead')"}, "hypothesisId": "A", "runId": "pre-fix"}
